\BOOKMARK [1][-]{section.1}{\376\377\000P\000e\000n\000d\000a\000h\000u\000l\000u\000a\000n}{}% 1
\BOOKMARK [1][-]{section.2}{\376\377\000D\000a\000s\000a\000r\000\040\000T\000e\000o\000r\000i}{}% 2
\BOOKMARK [2][-]{subsection.2.1}{\376\377\000A\000l\000g\000o\000r\000i\000t\000m\000a\000\040\000B\000r\000u\000t\000e\000\040\000F\000o\000r\000c\000e}{section.2}% 3
\BOOKMARK [2][-]{subsection.2.2}{\376\377\000K\000o\000m\000p\000l\000e\000k\000s\000i\000t\000a\000s\000\040\000u\000n\000t\000u\000k\000\040\000P\000e\000r\000m\000a\000i\000n\000a\000n\000\040\000Q\000u\000e\000e\000n\000s}{section.2}% 4
\BOOKMARK [1][-]{section.3}{\376\377\000A\000l\000g\000o\000r\000i\000t\000m\000a\000\040\000d\000a\000n\000\040\000I\000m\000p\000l\000e\000m\000e\000n\000t\000a\000s\000i}{}% 5
\BOOKMARK [2][-]{subsection.3.1}{\376\377\000C\000a\000r\000a\000\040\000K\000e\000r\000j\000a\000\040\000A\000l\000g\000o\000r\000i\000t\000m\000a}{section.3}% 6
\BOOKMARK [3][-]{subsubsection.3.1.1}{\376\377\000L\000a\000n\000g\000k\000a\000h\000-\000L\000a\000n\000g\000k\000a\000h}{subsection.3.1}% 7
\BOOKMARK [3][-]{subsubsection.3.1.2}{\376\377\000G\000a\000m\000b\000a\000r\000a\000n\000\040\000K\000o\000d\000e}{subsection.3.1}% 8
\BOOKMARK [2][-]{subsection.3.2}{\376\377\000S\000t\000r\000u\000k\000t\000u\000r\000\040\000D\000a\000t\000a}{section.3}% 9
\BOOKMARK [2][-]{subsection.3.3}{\376\377\000P\000u\000r\000e\000\040\000B\000r\000u\000t\000e\000\040\000F\000o\000r\000c\000e\000\040\000t\000a\000n\000p\000a\000\040\000O\000p\000t\000i\000m\000i\000s\000a\000s\000i}{section.3}% 10
\BOOKMARK [1][-]{section.4}{\376\377\000H\000a\000s\000i\000l\000\040\000P\000e\000n\000g\000u\000j\000i\000a\000n}{}% 11
\BOOKMARK [2][-]{subsection.4.1}{\376\377\000T\000e\000s\000t\000\040\000C\000a\000s\000e\000\040\0001\000:\000\040\0009\000\327\0009\000\040\000B\000o\000a\000r\000d}{section.4}% 12
\BOOKMARK [2][-]{subsection.4.2}{\376\377\000T\000e\000s\000t\000\040\000C\000a\000s\000e\000\040\0002\000:\000\040\0008\000\327\0008\000\040\000B\000o\000a\000r\000d}{section.4}% 13
\BOOKMARK [2][-]{subsection.4.3}{\376\377\000T\000e\000s\000t\000\040\000C\000a\000s\000e\000\040\0003\000:\000\040\0007\000\327\0007\000\040\000B\000o\000a\000r\000d}{section.4}% 14
\BOOKMARK [2][-]{subsection.4.4}{\376\377\000T\000e\000s\000t\000\040\000C\000a\000s\000e\000\040\0004\000:\000\040\0006\000\327\0006\000\040\000B\000o\000a\000r\000d}{section.4}% 15
\BOOKMARK [2][-]{subsection.4.5}{\376\377\000T\000e\000s\000t\000\040\000C\000a\000s\000e\000\040\0005\000:\000\040\0005\000\327\0005\000\040\000B\000o\000a\000r\000d}{section.4}% 16
\BOOKMARK [2][-]{subsection.4.6}{\376\377\000T\000e\000s\000t\000\040\000C\000a\000s\000e\000\040\0006\000:\000\040\0004\000\327\0004\000\040\000B\000o\000a\000r\000d}{section.4}% 17
\BOOKMARK [2][-]{subsection.4.7}{\376\377\000T\000e\000s\000t\000\040\000C\000a\000s\000e\000\040\0007\000:\000\040\0001\0000\000\327\0001\0000\000\040\000B\000o\000a\000r\000d}{section.4}% 18
\BOOKMARK [2][-]{subsection.4.8}{\376\377\000T\000e\000s\000t\000\040\000C\000a\000s\000e\000\040\0008\000:\000\040\0001\0001\000\327\0001\0001\000\040\000B\000o\000a\000r\000d}{section.4}% 19
\BOOKMARK [2][-]{subsection.4.9}{\376\377\000T\000e\000s\000t\000\040\000C\000a\000s\000e\000\040\0009\000:\000\040\0002\0006\000\327\0002\0006\000\040\000B\000o\000a\000r\000d\000\040\000\050\000E\000x\000t\000r\000e\000m\000e\000\051}{section.4}% 20
\BOOKMARK [2][-]{subsection.4.10}{\376\377\000T\000e\000s\000t\000\040\000C\000a\000s\000e\000\040\0001\0000\000:\000\040\0006\000\327\0007\000\040\000B\000o\000a\000r\000d\000\040\000\050\000N\000o\000n\000-\000S\000q\000u\000a\000r\000e\000\051}{section.4}% 21
\BOOKMARK [2][-]{subsection.4.11}{\376\377\000A\000n\000a\000l\000i\000s\000i\000s\000\040\000P\000e\000r\000f\000o\000r\000m\000a}{section.4}% 22
\BOOKMARK [1][-]{section.5}{\376\377\000K\000e\000s\000i\000m\000p\000u\000l\000a\000n}{}% 23
\BOOKMARK [1][-]{section.6}{\376\377\000D\000a\000f\000t\000a\000r\000\040\000P\000u\000s\000t\000a\000k\000a}{}% 24
\BOOKMARK [1][-]{section.7}{\376\377\000L\000a\000m\000p\000i\000r\000a\000n}{}% 25
\BOOKMARK [2][-]{subsection.7.1}{\376\377\000C\000h\000e\000c\000k\000l\000i\000s\000t\000\040\000P\000e\000m\000e\000n\000u\000h\000a\000n\000\040\000K\000r\000i\000t\000e\000r\000i\000a}{section.7}% 26
\BOOKMARK [2][-]{subsection.7.2}{\376\377\000R\000e\000p\000o\000s\000i\000t\000o\000r\000y\000\040\000S\000o\000u\000r\000c\000e\000\040\000C\000o\000d\000e}{section.7}% 27
